<?xml version="1.0" encoding="UTF-8"?>
<testsuite name="org.example.SumCalculatorTest" tests="3" skipped="0" failures="0" errors="0" timestamp="2023-06-14T13:02:15" hostname="KILLERQUEEN" time="0.016">
  <properties/>
  <testcase name="sumExceptionTest()" classname="org.example.SumCalculatorTest" time="0.012"/>
  <testcase name="sumForNormalInputTest()" classname="org.example.SumCalculatorTest" time="0.001"/>
  <testcase name="sumForOneTest()" classname="org.example.SumCalculatorTest" time="0.001"/>
  <system-out><![CDATA[]]></system-out>
  <system-err><![CDATA[]]></system-err>
</testsuite>
